<?xml version="1.0" encoding="UTF-8"?>
<!-- Generated by org.testng.reporters.JUnitReportReporter -->
<testsuite hostname="jai" failures="0" tests="1" name="com.project.testclass.HeadPhonePriceCheck" time="64.715" errors="0" timestamp="2020-05-03T05:23:58 IST" skipped="0">
  <testcase classname="com.project.testclass.HeadPhonePriceCheck" name="checkHeadPhones" time="64.715"/>
  <system-out/>
</testsuite> <!-- com.project.testclass.HeadPhonePriceCheck -->
