<?xml version="1.0" encoding="UTF-8"?>
<!-- Generated by org.testng.reporters.JUnitReportReporter -->
<testsuite hostname="jai" failures="0" tests="1" name="com.project.testclass.HeadPhonePriceCheck" time="14.842" errors="0" timestamp="2020-05-03T01:14:26 IST" skipped="0">
  <testcase classname="com.project.testclass.HeadPhonePriceCheck" name="checkHeadPhones" time="14.842"/>
  <system-out/>
</testsuite> <!-- com.project.testclass.HeadPhonePriceCheck -->
